# JRE version: Java(TM) SE Runtime Environment (8.0_92-b14) (build 1.8.0_92-b14)
# Java VM: Java HotSpot(TM) 64-Bit Server VM (25.92-b14 mixed mode linux-amd64 compressed oops)
Heap:
 PSYoungGen      total 506880K, used 25583K [0x00000000d5580000, 0x0000000100000000, 0x0000000100000000)
  eden space 314880K, 0% used [0x00000000d5580000,0x00000000d5580000,0x00000000e8900000)
  from space 192000K, 13% used [0x00000000e8900000,0x00000000ea1fbd00,0x00000000f4480000)
  to   space 183296K, 0% used [0x00000000f4d00000,0x00000000f4d00000,0x0000000100000000)
 ParOldGen       total 857600K, used 857206K [0x0000000080000000, 0x00000000b4580000, 0x00000000d5580000)
  object space 857600K, 99% used [0x0000000080000000,0x00000000b451d950,0x00000000b4580000)
 Metaspace       used 6571K, capacity 7346K, committed 7552K, reserved 1056768K
  class space    used 610K, capacity 618K, committed 640K, reserved 1048576K
GC Heap History (10 events):
Event: 61,975 GC heap after
Heap after GC invocations=22 (full 6):
 PSYoungGen      total 569344K, used 0K [0x00000000d5580000, 0x0000000100000000, 0x0000000100000000)
  eden space 449024K, 0% used [0x00000000d5580000,0x00000000d5580000,0x00000000f0c00000)
  from space 120320K, 0% used [0x00000000f0c00000,0x00000000f0c00000,0x00000000f8180000)
  to   space 129536K, 0% used [0x00000000f8180000,0x00000000f8180000,0x0000000100000000)
 ParOldGen       total 857600K, used 667485K [0x0000000080000000, 0x00000000b4580000, 0x00000000d5580000)
  object space 857600K, 77% used [0x0000000080000000,0x00000000a8bd7490,0x00000000b4580000)
 Metaspace       used 6437K, capacity 7280K, committed 7552K, reserved 1056768K
  class space    used 601K, capacity 616K, committed 640K, reserved 1048576K
}
Event: 64,469 GC heap before
{Heap before GC invocations=23 (full 6):
 PSYoungGen      total 569344K, used 449024K [0x00000000d5580000, 0x0000000100000000, 0x0000000100000000)
  eden space 449024K, 100% used [0x00000000d5580000,0x00000000f0c00000,0x00000000f0c00000)
  from space 120320K, 0% used [0x00000000f0c00000,0x00000000f0c00000,0x00000000f8180000)
  to   space 129536K, 0% used [0x00000000f8180000,0x00000000f8180000,0x0000000100000000)
 ParOldGen       total 857600K, used 667485K [0x0000000080000000, 0x00000000b4580000, 0x00000000d5580000)
  object space 857600K, 77% used [0x0000000080000000,0x00000000a8bd7490,0x00000000b4580000)
 Metaspace       used 6445K, capacity 7280K, committed 7552K, reserved 1056768K
  class space    used 603K, capacity 616K, committed 640K, reserved 1048576K
Event: 64,659 GC heap after
Heap after GC invocations=23 (full 6):
 PSYoungGen      total 553984K, used 67664K [0x00000000d5580000, 0x0000000100000000, 0x0000000100000000)
  eden space 424448K, 0% used [0x00000000d5580000,0x00000000d5580000,0x00000000ef400000)
  from space 129536K, 52% used [0x00000000f8180000,0x00000000fc3943a8,0x0000000100000000)
  to   space 137216K, 0% used [0x00000000ef400000,0x00000000ef400000,0x00000000f7a00000)
 ParOldGen       total 857600K, used 667485K [0x0000000080000000, 0x00000000b4580000, 0x00000000d5580000)
  object space 857600K, 77% used [0x0000000080000000,0x00000000a8bd7490,0x00000000b4580000)
 Metaspace       used 6445K, capacity 7280K, committed 7552K, reserved 1056768K
  class space    used 603K, capacity 616K, committed 640K, reserved 1048576K
}
Event: 66,809 GC heap before
{Heap before GC invocations=24 (full 6):
 PSYoungGen      total 553984K, used 492112K [0x00000000d5580000, 0x0000000100000000, 0x0000000100000000)
  eden space 424448K, 100% used [0x00000000d5580000,0x00000000ef400000,0x00000000ef400000)
  from space 129536K, 52% used [0x00000000f8180000,0x00000000fc3943a8,0x0000000100000000)
  to   space 137216K, 0% used [0x00000000ef400000,0x00000000ef400000,0x00000000f7a00000)
 ParOldGen       total 857600K, used 667485K [0x0000000080000000, 0x00000000b4580000, 0x00000000d5580000)
  object space 857600K, 77% used [0x0000000080000000,0x00000000a8bd7490,0x00000000b4580000)
 Metaspace       used 6550K, capacity 7346K, committed 7552K, reserved 1056768K
  class space    used 609K, capacity 618K, committed 640K, reserved 1048576K
Event: 67,257 GC heap after
Heap after GC invocations=24 (full 6):
 PSYoungGen      total 553472K, used 128705K [0x00000000d5580000, 0x0000000100000000, 0x0000000100000000)
  eden space 424448K, 0% used [0x00000000d5580000,0x00000000d5580000,0x00000000ef400000)
  from space 129024K, 99% used [0x00000000ef400000,0x00000000f71b0760,0x00000000f7200000)
  to   space 145408K, 0% used [0x00000000f7200000,0x00000000f7200000,0x0000000100000000)
 ParOldGen       total 857600K, used 667485K [0x0000000080000000, 0x00000000b4580000, 0x00000000d5580000)
  object space 857600K, 77% used [0x0000000080000000,0x00000000a8bd7490,0x00000000b4580000)
 Metaspace       used 6550K, capacity 7346K, committed 7552K, reserved 1056768K
  class space    used 609K, capacity 618K, committed 640K, reserved 1048576K
}
Event: 69,434 GC heap before
{Heap before GC invocations=25 (full 6):
 PSYoungGen      total 553472K, used 553153K [0x00000000d5580000, 0x0000000100000000, 0x0000000100000000)
  eden space 424448K, 100% used [0x00000000d5580000,0x00000000ef400000,0x00000000ef400000)
  from space 129024K, 99% used [0x00000000ef400000,0x00000000f71b0760,0x00000000f7200000)
  to   space 145408K, 0% used [0x00000000f7200000,0x00000000f7200000,0x0000000100000000)
 ParOldGen       total 857600K, used 667485K [0x0000000080000000, 0x00000000b4580000, 0x00000000d5580000)
  object space 857600K, 77% used [0x0000000080000000,0x00000000a8bd7490,0x00000000b4580000)
 Metaspace       used 6551K, capacity 7346K, committed 7552K, reserved 1056768K
  class space    used 609K, capacity 618K, committed 640K, reserved 1048576K
Event: 70,673 GC heap after
Heap after GC invocations=25 (full 6):
 PSYoungGen      total 460288K, used 145401K [0x00000000d5580000, 0x0000000100000000, 0x0000000100000000)
  eden space 314880K, 0% used [0x00000000d5580000,0x00000000d5580000,0x00000000e8900000)
  from space 145408K, 99% used [0x00000000f7200000,0x00000000ffffe718,0x0000000100000000)
  to   space 192000K, 0% used [0x00000000e8900000,0x00000000e8900000,0x00000000f4480000)
 ParOldGen       total 857600K, used 711275K [0x0000000080000000, 0x00000000b4580000, 0x00000000d5580000)
  object space 857600K, 82% used [0x0000000080000000,0x00000000ab69ac00,0x00000000b4580000)
 Metaspace       used 6551K, capacity 7346K, committed 7552K, reserved 1056768K
  class space    used 609K, capacity 618K, committed 640K, reserved 1048576K
}
Event: 71,411 GC heap before
{Heap before GC invocations=26 (full 6):
 PSYoungGen      total 460288K, used 460281K [0x00000000d5580000, 0x0000000100000000, 0x0000000100000000)
  eden space 314880K, 100% used [0x00000000d5580000,0x00000000e8900000,0x00000000e8900000)
  from space 145408K, 99% used [0x00000000f7200000,0x00000000ffffe718,0x0000000100000000)
  to   space 192000K, 0% used [0x00000000e8900000,0x00000000e8900000,0x00000000f4480000)
 ParOldGen       total 857600K, used 711275K [0x0000000080000000, 0x00000000b4580000, 0x00000000d5580000)
  object space 857600K, 82% used [0x0000000080000000,0x00000000ab69ac00,0x00000000b4580000)
 Metaspace       used 6571K, capacity 7346K, committed 7552K, reserved 1056768K
  class space    used 610K, capacity 618K, committed 640K, reserved 1048576K
Event: 72,354 GC heap after
Heap after GC invocations=26 (full 6):
 PSYoungGen      total 506880K, used 61669K [0x00000000d5580000, 0x0000000100000000, 0x0000000100000000)
  eden space 314880K, 0% used [0x00000000d5580000,0x00000000d5580000,0x00000000e8900000)
  from space 192000K, 32% used [0x00000000e8900000,0x00000000ec5397c0,0x00000000f4480000)
  to   space 183296K, 0% used [0x00000000f4d00000,0x00000000f4d00000,0x0000000100000000)
 ParOldGen       total 857600K, used 834453K [0x0000000080000000, 0x00000000b4580000, 0x00000000d5580000)
  object space 857600K, 97% used [0x0000000080000000,0x00000000b2ee5598,0x00000000b4580000)
 Metaspace       used 6571K, capacity 7346K, committed 7552K, reserved 1056768K
  class space    used 610K, capacity 618K, committed 640K, reserved 1048576K
}
Event: 72,354 GC heap before
{Heap before GC invocations=27 (full 7):
 PSYoungGen      total 506880K, used 61669K [0x00000000d5580000, 0x0000000100000000, 0x0000000100000000)
  eden space 314880K, 0% used [0x00000000d5580000,0x00000000d5580000,0x00000000e8900000)
  from space 192000K, 32% used [0x00000000e8900000,0x00000000ec5397c0,0x00000000f4480000)
  to   space 183296K, 0% used [0x00000000f4d00000,0x00000000f4d00000,0x0000000100000000)
 ParOldGen       total 857600K, used 834453K [0x0000000080000000, 0x00000000b4580000, 0x00000000d5580000)
  object space 857600K, 97% used [0x0000000080000000,0x00000000b2ee5598,0x00000000b4580000)
 Metaspace       used 6571K, capacity 7346K, committed 7552K, reserved 1056768K
  class space    used 610K, capacity 618K, committed 640K, reserved 1048576K

